============================= test session starts =============================
platform win32 -- Python 3.14.3, pytest-9.0.2, pluggy-1.6.0
rootdir: C:\Users\Dell\OneDrive\Documentos\git_test\Projeto-Confeitaria-FastAPI---Python\apps\backend
configfile: pytest.ini
plugins: anyio-4.13.0, cov-7.1.0
collected 32 items

apps\backend\src\test\receita\test_UseCaseReceita.py ......              [ 18%]
apps\backend\src\test\receita\test_ReceitaMapper.py ..                   [ 25%]
apps\backend\src\test\receita\test_Receita.py ........                   [ 50%]
apps\backend\src\test\infrastructure\test_Repositories.py .........      [ 78%]
apps\backend\src\test\test_Presentation.py .......                       [100%]

============================= 32 passed in 2.32s ==============================
