============================= test session starts =============================
platform win32 -- Python 3.14.3, pytest-9.0.2, pluggy-1.6.0
rootdir: C:\Users\Dell\OneDrive\Documentos\git_test\Projeto-Confeitaria-FastAPI---Python\apps\backend
configfile: pytest.ini
plugins: anyio-4.13.0, cov-7.1.0
collected 66 items

src\test\infrastructure\test_Repositories.py FFFFFF.FF                   [ 13%]
src\test\pedido\test_Pedido.py ...............                           [ 36%]
src\test\pedido\test_PedidoMapper.py FF                                  [ 39%]
src\test\pedido\test_UseCasePedido.py ........                           [ 51%]
src\test\receita\test_Receita.py F..FFFFF                                [ 63%]
src\test\receita\test_ReceitaMapper.py FF                                [ 66%]
src\test\receita\test_UseCaseReceita.py F.....                           [ 75%]
src\test\test_Presentation.py ..F.FFF                                    [ 86%]
src\test\user\test_UseCaseUser.py ..                                     [ 89%]
src\test\user\test_User.py .....                                         [ 96%]
src\test\user\test_UserMapper.py ..                                      [100%]

================================== FAILURES ===================================
________________________ test_receita_repository_criar ________________________

    def test_receita_repository_criar():
        db_mock = MagicMock()
        repo = ReceitaRepository(db_mock)
    
        receita = Receita()
        receita.nome = "Bolo"
>       receita.preco = 10.0
        ^^^^^^^^^^^^^
E       AttributeError: property 'preco' of 'Receita' object has no setter

src\test\infrastructure\test_Repositories.py:18: AttributeError
________________________ test_pedido_repository_criar _________________________

    def test_pedido_repository_criar():
        db_mock = MagicMock()
        repo = PedidoRepository(db_mock)
    
        pedido = Pedido()
        pedido.cliente_nome = "Maria"
        pedido.preco_total = Decimal("100.00")
        pedido.user_id = "user_1"
    
>       resultado = repo.save(pedido)
                    ^^^^^^^^^
E       AttributeError: 'PedidoRepository' object has no attribute 'save'

src\test\infrastructure\test_Repositories.py:37: AttributeError
____________________ test_receita_repository_buscar_por_id ____________________

    def test_receita_repository_buscar_por_id():
        db_mock = MagicMock()
        model_mock = Mock()
        model_mock.nome = "Bolo"
        model_mock.preco = 10.0
        model_mock.id_usuario = "user_1"
        model_mock.descricao = "Teste"
        model_mock.rendimento = 10
    
        db_mock.query().filter().first.return_value = model_mock
    
        repo = ReceitaRepository(db_mock)
>       resultado = repo.buscar_por_id(1)
                    ^^^^^^^^^^^^^^^^^^^^^

src\test\infrastructure\test_Repositories.py:56: 
_ _ _ _ _ _ _ _ _ _ _ _ _ _ _ _ _ _ _ _ _ _ _ _ _ _ _ _ _ _ _ _ _ _ _ _ _ _ _ _

self = <src.infrastructure.gateway.receitaRepository.ReceitaRepository object at 0x000001C3D7A2B9D0>
id = 1

    def buscar_por_id(self, id: str) -> Optional[Receita]:
        model = self.db.query(ReceitaModel).filter(ReceitaModel.id == str(id)).first()
        if not model:
            return None
    
        receita = Receita()
        receita.nome = model.nome
>       receita.preco_venda_sugerido = float(model.preco_venda_sugerido) if model.preco_venda_sugerido else None
                                       ^^^^^^^^^^^^^^^^^^^^^^^^^^^^^^^^^
E       TypeError: float() argument must be a string or a real number, not 'Mock'

src\infrastructure\gateway\receitaRepository.py:70: TypeError
____________________ test_pedido_repository_buscar_por_id _____________________

    def test_pedido_repository_buscar_por_id():
        db_mock = MagicMock()
        model_mock = Mock()
        model_mock.cliente_nome = "Maria"
        model_mock.preco_total = Decimal("100.00")
        model_mock.user_id = "user_1"
    
        db_mock.query().filter().first.return_value = model_mock
    
        repo = PedidoRepository(db_mock)
>       resultado = repo.find_by_id(1)
                    ^^^^^^^^^^^^^^^
E       AttributeError: 'PedidoRepository' object has no attribute 'find_by_id'

src\test\infrastructure\test_Repositories.py:71: AttributeError
__________________ test_receita_sqlalchemy_repository_criar ___________________

    def test_receita_sqlalchemy_repository_criar():
        db_mock = MagicMock()
        repo = RepositorioDeReceitaSQLAlchemy(db_mock)
    
        receita = Receita()
        receita.nome = "Bolo"
>       receita.preco = 10.0
        ^^^^^^^^^^^^^
E       AttributeError: property 'preco' of 'Receita' object has no setter

src\test\infrastructure\test_Repositories.py:84: AttributeError
___________________ test_pedido_sqlalchemy_repository_criar ___________________

    def test_pedido_sqlalchemy_repository_criar():
        db_mock = MagicMock()
        repo = RepositorioDePedidoSQLAlchemy(db_mock)
    
        pedido = Pedido()
        pedido.cliente_nome = "Maria"
        pedido.preco_total = Decimal("100.00")
        pedido.user_id = "user_1"
    
>       repo.criar_pedido(pedido)

src\test\infrastructure\test_Repositories.py:101: 
_ _ _ _ _ _ _ _ _ _ _ _ _ _ _ _ _ _ _ _ _ _ _ _ _ _ _ _ _ _ _ _ _ _ _ _ _ _ _ _
src\infrastructure\repositorios\repositorioDePedidoSQLAlchemy.py:14: in criar_pedido
    pedido_model = PedidoMapper.to_model(pedido)
                   ^^^^^^^^^^^^^^^^^^^^^^^^^^^^^
src\infrastructure\mappers\pedidoMapper.py:28: in to_model
    return PedidoModel(
<string>:4: in __init__
    ???
C:\Python314\Lib\site-packages\sqlalchemy\orm\state.py:596: in _initialize_instance
    with util.safe_reraise():
         ^^^^^^^^^^^^^^^^^^^
C:\Python314\Lib\site-packages\sqlalchemy\util\langhelpers.py:121: in __exit__
    raise exc_value.with_traceback(exc_tb)
C:\Python314\Lib\site-packages\sqlalchemy\orm\state.py:594: in _initialize_instance
    manager.original_init(*mixed[1:], **kwargs)
_ _ _ _ _ _ _ _ _ _ _ _ _ _ _ _ _ _ _ _ _ _ _ _ _ _ _ _ _ _ _ _ _ _ _ _ _ _ _ _

self = <src.infrastructure.persistencia.pedidoModel.PedidoModel object at 0x000001C3D7AF8590>
kwargs = {'cliente_nome': 'Maria', 'data_entrega': None, 'descricao': None, 'id': None, ...}
cls_ = <class 'src.infrastructure.persistencia.pedidoModel.PedidoModel'>
k = 'user_id'

    def _declarative_constructor(self: Any, **kwargs: Any) -> None:
        """A simple constructor that allows initialization from kwargs.
    
        Sets attributes on the constructed instance using the names and
        values in ``kwargs``.
    
        Only keys that are present as
        attributes of the instance's class are allowed. These could be,
        for example, any mapped columns or relationships.
        """
        cls_ = type(self)
        for k in kwargs:
            if not hasattr(cls_, k):
>               raise TypeError(
                    "%r is an invalid keyword argument for %s" % (k, cls_.__name__)
                )
E               TypeError: 'user_id' is an invalid keyword argument for PedidoModel

C:\Python314\Lib\site-packages\sqlalchemy\orm\decl_base.py:2179: TypeError
__________________ test_receita_sqlalchemy_repository_listar __________________

    def test_receita_sqlalchemy_repository_listar():
        db_mock = MagicMock()
        repo = RepositorioDeReceitaSQLAlchemy(db_mock)
    
        model_mock = Mock()
        model_mock.nome = "Bolo"
        model_mock.preco = 10.0
        model_mock.id_usuario = "user_1"
        model_mock.descricao = "Teste"
        model_mock.rendimento = 10
    
        db_mock.query().filter().all.return_value = [model_mock]
    
>       resultado = repo.listar_por_usuario("user_1")
                    ^^^^^^^^^^^^^^^^^^^^^^^^^^^^^^^^^

src\test\infrastructure\test_Repositories.py:134: 
_ _ _ _ _ _ _ _ _ _ _ _ _ _ _ _ _ _ _ _ _ _ _ _ _ _ _ _ _ _ _ _ _ _ _ _ _ _ _ _

self = <src.infrastructure.repositorios.repositorioDeReceitaSQLAlchemy.RepositorioDeReceitaSQLAlchemy object at 0x000001C3D7AF5E50>
user_id = 'user_1'

    def listar_por_usuario(self, user_id: int) -> List[Receita]:
>       receitas_model = self._session.query(ReceitaModel).filter(ReceitaModel.id_usuario == user_id).all()
                                                                  ^^^^^^^^^^^^^^^^^^^^^^^
E       AttributeError: type object 'ReceitaModel' has no attribute 'id_usuario'

src\infrastructure\repositorios\repositorioDeReceitaSQLAlchemy.py:69: AttributeError
__________________ test_pedido_sqlalchemy_repository_listar ___________________

    def test_pedido_sqlalchemy_repository_listar():
        db_mock = MagicMock()
        repo = RepositorioDePedidoSQLAlchemy(db_mock)
    
        model_mock = Mock()
        model_mock.id = 1
        model_mock.cliente_nome = "Maria"
        model_mock.user_id = "user_1"
        model_mock.descricao = "Teste"
        model_mock.tipo_entrega = "Teste"
        model_mock.preco_total = Decimal("100.00")
        model_mock.data_entrega = None
        model_mock.status = "Pendente"
    
        db_mock.query().filter().all.return_value = [model_mock]
    
>       resultado = repo.listar_por_usuario("user_1")
                    ^^^^^^^^^^^^^^^^^^^^^^^^^^^^^^^^^

src\test\infrastructure\test_Repositories.py:155: 
_ _ _ _ _ _ _ _ _ _ _ _ _ _ _ _ _ _ _ _ _ _ _ _ _ _ _ _ _ _ _ _ _ _ _ _ _ _ _ _

self = <src.infrastructure.repositorios.repositorioDePedidoSQLAlchemy.RepositorioDePedidoSQLAlchemy object at 0x000001C3D7AF5A90>
user_id = 'user_1'

    def listar_por_usuario(self, user_id: int) -> List[Pedido]:
>       pedidos_model = self._session.query(PedidoModel).filter(PedidoModel.user_id == user_id).all()
                                                                ^^^^^^^^^^^^^^^^^^^
E       AttributeError: type object 'PedidoModel' has no attribute 'user_id'

src\infrastructure\repositorios\repositorioDePedidoSQLAlchemy.py:55: AttributeError
____________________________ test_mapper_to_domain ____________________________

    def test_mapper_to_domain():
>       model = PedidoModel(
            id=1,
            cliente_nome="Ana",
            descricao="Bolo",
            tipo_entrega="Retirada",
            preco_total=Decimal("150.00"),
            data_entrega=date(2026, 10, 10),
            user_id=42,
            status="Em Producao"
        )

src\test\pedido\test_PedidoMapper.py:9: 
_ _ _ _ _ _ _ _ _ _ _ _ _ _ _ _ _ _ _ _ _ _ _ _ _ _ _ _ _ _ _ _ _ _ _ _ _ _ _ _
<string>:4: in __init__
    ???
C:\Python314\Lib\site-packages\sqlalchemy\orm\state.py:596: in _initialize_instance
    with util.safe_reraise():
         ^^^^^^^^^^^^^^^^^^^
C:\Python314\Lib\site-packages\sqlalchemy\util\langhelpers.py:121: in __exit__
    raise exc_value.with_traceback(exc_tb)
C:\Python314\Lib\site-packages\sqlalchemy\orm\state.py:594: in _initialize_instance
    manager.original_init(*mixed[1:], **kwargs)
_ _ _ _ _ _ _ _ _ _ _ _ _ _ _ _ _ _ _ _ _ _ _ _ _ _ _ _ _ _ _ _ _ _ _ _ _ _ _ _

self = <src.infrastructure.persistencia.pedidoModel.PedidoModel object at 0x000001C3D7AF6210>
kwargs = {'cliente_nome': 'Ana', 'data_entrega': datetime.date(2026, 10, 10), 'descricao': 'Bolo', 'id': 1, ...}
cls_ = <class 'src.infrastructure.persistencia.pedidoModel.PedidoModel'>
k = 'user_id'

    def _declarative_constructor(self: Any, **kwargs: Any) -> None:
        """A simple constructor that allows initialization from kwargs.
    
        Sets attributes on the constructed instance using the names and
        values in ``kwargs``.
    
        Only keys that are present as
        attributes of the instance's class are allowed. These could be,
        for example, any mapped columns or relationships.
        """
        cls_ = type(self)
        for k in kwargs:
            if not hasattr(cls_, k):
>               raise TypeError(
                    "%r is an invalid keyword argument for %s" % (k, cls_.__name__)
                )
E               TypeError: 'user_id' is an invalid keyword argument for PedidoModel

C:\Python314\Lib\site-packages\sqlalchemy\orm\decl_base.py:2179: TypeError
____________________________ test_mapper_to_model _____________________________

    def test_mapper_to_model():
        domain = Pedido()
        domain.id = 2
        domain.cliente_nome = "Carlos"
        domain.descricao = "Doces"
        domain.tipo_entrega = "Entrega"
        domain.preco_total = Decimal("300.00")
        domain.data_entrega = date(2026, 12, 1)
        domain.user_id = 10
        domain.status = "Pendente"
    
>       model = PedidoMapper.to_model(domain)
                ^^^^^^^^^^^^^^^^^^^^^^^^^^^^^

src\test\pedido\test_PedidoMapper.py:43: 
_ _ _ _ _ _ _ _ _ _ _ _ _ _ _ _ _ _ _ _ _ _ _ _ _ _ _ _ _ _ _ _ _ _ _ _ _ _ _ _
src\infrastructure\mappers\pedidoMapper.py:28: in to_model
    return PedidoModel(
<string>:4: in __init__
    ???
C:\Python314\Lib\site-packages\sqlalchemy\orm\state.py:596: in _initialize_instance
    with util.safe_reraise():
         ^^^^^^^^^^^^^^^^^^^
C:\Python314\Lib\site-packages\sqlalchemy\util\langhelpers.py:121: in __exit__
    raise exc_value.with_traceback(exc_tb)
C:\Python314\Lib\site-packages\sqlalchemy\orm\state.py:594: in _initialize_instance
    manager.original_init(*mixed[1:], **kwargs)
_ _ _ _ _ _ _ _ _ _ _ _ _ _ _ _ _ _ _ _ _ _ _ _ _ _ _ _ _ _ _ _ _ _ _ _ _ _ _ _

self = <src.infrastructure.persistencia.pedidoModel.PedidoModel object at 0x000001C3D7AF6850>
kwargs = {'cliente_nome': 'Carlos', 'data_entrega': datetime.date(2026, 12, 1), 'descricao': 'Doces', 'id': 2, ...}
cls_ = <class 'src.infrastructure.persistencia.pedidoModel.PedidoModel'>
k = 'user_id'

    def _declarative_constructor(self: Any, **kwargs: Any) -> None:
        """A simple constructor that allows initialization from kwargs.
    
        Sets attributes on the constructed instance using the names and
        values in ``kwargs``.
    
        Only keys that are present as
        attributes of the instance's class are allowed. These could be,
        for example, any mapped columns or relationships.
        """
        cls_ = type(self)
        for k in kwargs:
            if not hasattr(cls_, k):
>               raise TypeError(
                    "%r is an invalid keyword argument for %s" % (k, cls_.__name__)
                )
E               TypeError: 'user_id' is an invalid keyword argument for PedidoModel

C:\Python314\Lib\site-packages\sqlalchemy\orm\decl_base.py:2179: TypeError
_____________________________ test_preco_invalido _____________________________

    def test_preco_invalido():
        receitaNova = Receita()
        with pytest.raises(ValueError):
>           receitaNova.preco=0
            ^^^^^^^^^^^^^^^^^
E           AttributeError: property 'preco' of 'Receita' object has no setter

src\test\receita\test_Receita.py:7: AttributeError
_________________________ test_consumir_abate_porcoes _________________________

    def test_consumir_abate_porcoes():
        receita = Receita()
        receita.rendimento = 30
>       receita.consumir(10)
        ^^^^^^^^^^^^^^^^
E       AttributeError: 'Receita' object has no attribute 'consumir'

src\test\receita\test_Receita.py:27: AttributeError
_____________________ test_consumir_exato_zera_rendimento _____________________

    def test_consumir_exato_zera_rendimento():
        receita = Receita()
        receita.rendimento = 10
>       receita.consumir(10)
        ^^^^^^^^^^^^^^^^
E       AttributeError: 'Receita' object has no attribute 'consumir'

src\test\receita\test_Receita.py:33: AttributeError
_______________ test_consumir_acima_do_disponivel_levanta_erro ________________

    def test_consumir_acima_do_disponivel_levanta_erro():
        receita = Receita()
        receita.rendimento = 5
        with pytest.raises(ValueError, match="Rendimento insuficiente"):
>           receita.consumir(6)
            ^^^^^^^^^^^^^^^^
E           AttributeError: 'Receita' object has no attribute 'consumir'

src\test\receita\test_Receita.py:40: AttributeError
_______________ test_consumir_quantidade_invalida_levanta_erro ________________

    def test_consumir_quantidade_invalida_levanta_erro():
        receita = Receita()
        receita.rendimento = 10
        with pytest.raises(ValueError):
>           receita.consumir(0)
            ^^^^^^^^^^^^^^^^
E           AttributeError: 'Receita' object has no attribute 'consumir'

src\test\receita\test_Receita.py:46: AttributeError
_____________ test_consumir_sem_rendimento_definido_levanta_erro ______________

    def test_consumir_sem_rendimento_definido_levanta_erro():
        receita = Receita()
        with pytest.raises(ValueError, match="Rendimento não definido"):
>           receita.consumir(1)
            ^^^^^^^^^^^^^^^^
E           AttributeError: 'Receita' object has no attribute 'consumir'

src\test\receita\test_Receita.py:51: AttributeError
________________________ test_receita_mapper_to_domain ________________________

    def test_receita_mapper_to_domain():
>       model = ReceitaModel(
            id=1,
            nome="Bolo de Cenoura",
            preco=Decimal("25.50"),
            descricao="Delicioso bolo com calda de chocolate",
            rendimento=10,
            id_usuario=42
        )

src\test\receita\test_ReceitaMapper.py:8: 
_ _ _ _ _ _ _ _ _ _ _ _ _ _ _ _ _ _ _ _ _ _ _ _ _ _ _ _ _ _ _ _ _ _ _ _ _ _ _ _
<string>:4: in __init__
    ???
C:\Python314\Lib\site-packages\sqlalchemy\orm\state.py:596: in _initialize_instance
    with util.safe_reraise():
         ^^^^^^^^^^^^^^^^^^^
C:\Python314\Lib\site-packages\sqlalchemy\util\langhelpers.py:121: in __exit__
    raise exc_value.with_traceback(exc_tb)
C:\Python314\Lib\site-packages\sqlalchemy\orm\state.py:594: in _initialize_instance
    manager.original_init(*mixed[1:], **kwargs)
_ _ _ _ _ _ _ _ _ _ _ _ _ _ _ _ _ _ _ _ _ _ _ _ _ _ _ _ _ _ _ _ _ _ _ _ _ _ _ _

self = <src.infrastructure.persistencia.receitaModel.ReceitaModel object at 0x000001C3D7AFBE00>
kwargs = {'descricao': 'Delicioso bolo com calda de chocolate', 'id': 1, 'id_usuario': 42, 'nome': 'Bolo de Cenoura', ...}
cls_ = <class 'src.infrastructure.persistencia.receitaModel.ReceitaModel'>
k = 'preco'

    def _declarative_constructor(self: Any, **kwargs: Any) -> None:
        """A simple constructor that allows initialization from kwargs.
    
        Sets attributes on the constructed instance using the names and
        values in ``kwargs``.
    
        Only keys that are present as
        attributes of the instance's class are allowed. These could be,
        for example, any mapped columns or relationships.
        """
        cls_ = type(self)
        for k in kwargs:
            if not hasattr(cls_, k):
>               raise TypeError(
                    "%r is an invalid keyword argument for %s" % (k, cls_.__name__)
                )
E               TypeError: 'preco' is an invalid keyword argument for ReceitaModel

C:\Python314\Lib\site-packages\sqlalchemy\orm\decl_base.py:2179: TypeError
________________________ test_receita_mapper_to_model _________________________

    def test_receita_mapper_to_model():
        domain = Receita()
        domain.nome = "Torta de Limão"
>       domain.preco = Decimal("35.00")
        ^^^^^^^^^^^^
E       AttributeError: property 'preco' of 'Receita' object has no setter

src\test\receita\test_ReceitaMapper.py:29: AttributeError
____________________ test_criar_receita_chama_repositorio _____________________

    def test_criar_receita_chama_repositorio():
        repositorio_mock = Mock()
        receita_fake = Receita()
        receita_fake.nome="Bolo de Chocolate"
>       receita_fake.preco=20.0
        ^^^^^^^^^^^^^^^^^^
E       AttributeError: property 'preco' of 'Receita' object has no setter

src\test\receita\test_UseCaseReceita.py:14: AttributeError
_____________________________ test_criar_receita ______________________________

client = <starlette.testclient.TestClient object at 0x000001C3D7AF6850>

    def test_criar_receita(client):
        # Mock controller response
        mock_controller = Mock()
>       mock_response = ReceitaResponse(
            id=1,
            nome="Bolo",
            preco=10.5,
            id_usuario=MOCK_USER_ID,
            rendimento=10,
            descricao="Teste"
        )
E       pydantic_core._pydantic_core.ValidationError: 2 validation errors for ReceitaResponse
E       rendimento
E         Input should be a valid string [type=string_type, input_value=10, input_type=int]
E           For further information visit https://errors.pydantic.dev/2.12/v/string_type
E       id
E         Input should be a valid string [type=string_type, input_value=1, input_type=int]
E           For further information visit https://errors.pydantic.dev/2.12/v/string_type

src\test\test_Presentation.py:44: ValidationError
_________________________ test_buscar_receita_por_id __________________________

client = <starlette.testclient.TestClient object at 0x000001C3D7B11BA0>

    def test_buscar_receita_por_id(client):
        mock_controller = Mock()
>       mock_response = ReceitaResponse(
            id=1,
            nome="Bolo",
            preco=10.5,
            id_usuario=MOCK_USER_ID,
            rendimento=10,
            descricao="Teste"
        )
E       pydantic_core._pydantic_core.ValidationError: 2 validation errors for ReceitaResponse
E       rendimento
E         Input should be a valid string [type=string_type, input_value=10, input_type=int]
E           For further information visit https://errors.pydantic.dev/2.12/v/string_type
E       id
E         Input should be a valid string [type=string_type, input_value=1, input_type=int]
E           For further information visit https://errors.pydantic.dev/2.12/v/string_type

src\test\test_Presentation.py:77: ValidationError
______________________________ test_criar_pedido ______________________________

client = <starlette.testclient.TestClient object at 0x000001C3D7B5AF90>

    def test_criar_pedido(client):
        mock_controller = Mock()
>       mock_response = PedidoResponse(
            id=1,
            cliente_nome="Maria",
            descricao="Desc",
            tipo_entrega="Entrega",
            preco_total=Decimal("100.00"),
            data_entrega="2023-12-31",
            user_id=MOCK_USER_ID,
            status="Pendente"
        )
E       pydantic_core._pydantic_core.ValidationError: 1 validation error for PedidoResponse
E       id
E         Input should be a valid string [type=string_type, input_value=1, input_type=int]
E           For further information visit https://errors.pydantic.dev/2.12/v/string_type

src\test\test_Presentation.py:95: ValidationError
__________________________ test_buscar_pedido_por_id __________________________

client = <starlette.testclient.TestClient object at 0x000001C3D7A19E10>

    def test_buscar_pedido_por_id(client):
        mock_controller = Mock()
>       mock_response = PedidoResponse(
            id=1,
            cliente_nome="Maria",
            descricao="Desc",
            tipo_entrega="Entrega",
            preco_total=Decimal("100.00"),
            data_entrega="2023-12-31",
            user_id=MOCK_USER_ID,
            status="Pendente"
        )
E       pydantic_core._pydantic_core.ValidationError: 1 validation error for PedidoResponse
E       id
E         Input should be a valid string [type=string_type, input_value=1, input_type=int]
E           For further information visit https://errors.pydantic.dev/2.12/v/string_type

src\test\test_Presentation.py:121: ValidationError
=============================== tests coverage ================================
_______________ coverage: platform win32, python 3.14.3-final-0 _______________

Name                                                                Stmts   Miss  Cover
---------------------------------------------------------------------------------------
src\__init__.py                                                         0      0   100%
src\application\__init__.py                                             0      0   100%
src\application\gateways\__init__.py                                    0      0   100%
src\application\gateways\repositorioDeEstoque.py                       19     19     0%
src\application\gateways\repositorioDePedido.py                        22      6    73%
src\application\gateways\repositorioDeReceita.py                       22      6    73%
src\application\gateways\repositorioDeUsuario.py                       10      2    80%
src\application\usecases\__init__.py                                    0      0   100%
src\application\usecases\pedido\__init__.py                             0      0   100%
src\application\usecases\pedido\buscarPedidoPorId.py                    8      0   100%
src\application\usecases\pedido\buscarPedidoPorNomeCliente.py           8      0   100%
src\application\usecases\pedido\criarPedido.py                          7      0   100%
src\application\usecases\pedido\editarPedido.py                         7      0   100%
src\application\usecases\pedido\excluirPedido.py                        6      0   100%
src\application\usecases\pedido\listarPedidos.py                        8      0   100%
src\application\usecases\receita\__init__.py                            0      0   100%
src\application\usecases\receita\buscarReceitaPorId.py                  8      0   100%
src\application\usecases\receita\buscarReceitaPorNome.py                8      0   100%
src\application\usecases\receita\criarReceita.py                        7      2    71%
src\application\usecases\receita\editarReceita.py                       7      0   100%
src\application\usecases\receita\excluirReceita.py                      7      0   100%
src\application\usecases\receita\listarReceitas.py                      8      0   100%
src\application\usecases\user\buscarUsuarioPorId.py                     8      0   100%
src\application\usecases\user\registrarUsuario.py                       7      0   100%
src\domain\__init__.py                                                  0      0   100%
src\domain\entity\__init__.py                                           0      0   100%
src\domain\entity\pedido\__init__.py                                    0      0   100%
src\domain\entity\pedido\pedido.py                                     85      6    93%
src\domain\entity\receita\__init__.py                                   0      0   100%
src\domain\entity\receita\receita.py                                   68     16    76%
src\domain\entity\user\__init__.py                                      0      0   100%
src\domain\entity\user\user.py                                         51      1    98%
src\infrastructure\__init__.py                                          0      0   100%
src\infrastructure\auth\clerk.py                                       46     35    24%
src\infrastructure\dependencies.py                                     37     10    73%
src\infrastructure\gateway\__init__.py                                  4      0   100%
src\infrastructure\gateway\pedidoRepository.py                         80     64    20%
src\infrastructure\gateway\receitaRepository.py                        69     49    29%
src\infrastructure\gateway\userRepository.py                           30     21    30%
src\infrastructure\mappers\__init__.py                                  0      0   100%
src\infrastructure\mappers\pedidoMapper.py                             18     10    44%
src\infrastructure\mappers\receitaMapper.py                            15      8    47%
src\infrastructure\mappers\userMapper.py                               16      0   100%
src\infrastructure\persistencia\__init__.py                             0      0   100%
src\infrastructure\persistencia\database.py                             8      0   100%
src\infrastructure\persistencia\pedidoModel.py                         16      0   100%
src\infrastructure\persistencia\receitaModel.py                        13      0   100%
src\infrastructure\persistencia\userModel.py                           12      0   100%
src\infrastructure\repositorios\__init__.py                             0      0   100%
src\infrastructure\repositorios\repositorioDePedidoSQLAlchemy.py       45     28    38%
src\infrastructure\repositorios\repositorioDeReceitaSQLAlchemy.py      61     45    26%
src\infrastructure\repositorios\repositorioDeUsuarioSQLAlchemy.py      20      4    80%
src\main.py                                                            25      2    92%
src\presentation\__init__.py                                            0      0   100%
src\presentation\controllers\__init__.py                                4      0   100%
src\presentation\controllers\pedidoController.py                       75     58    23%
src\presentation\controllers\receitaController.py                      61     45    26%
src\presentation\controllers\userController.py                         31     22    29%
src\presentation\routes\__init__.py                                     0      0   100%
src\presentation\routes\health.py                                       5      0   100%
src\presentation\routes\pedidos.py                                     23      5    78%
src\presentation\routes\perfil.py                                      12      2    83%
src\presentation\routes\receitas.py                                    20      4    80%
src\presentation\routes\webhooks.py                                    30     20    33%
src\presentation\schemas\__init__.py                                    4      0   100%
src\presentation\schemas\estoque_schema.py                             12     12     0%
src\presentation\schemas\pedido_schema.py                              29      2    93%
src\presentation\schemas\receita_schema.py                             19      1    95%
src\presentation\schemas\user_schema.py                                 9      0   100%
src\test\__init__.py                                                    0      0   100%
src\test\infrastructure\test_Repositories.py                          118     24    80%
src\test\pedido\__init__.py                                             0      0   100%
src\test\pedido\test_Pedido.py                                         70      0   100%
src\test\pedido\test_PedidoMapper.py                                   35     17    51%
src\test\pedido\test_UseCasePedido.py                                  88      0   100%
src\test\receita\__init__.py                                            0      0   100%
src\test\receita\test_Receita.py                                       39      2    95%
src\test\receita\test_ReceitaMapper.py                                 25     15    40%
src\test\receita\test_UseCaseReceita.py                                63      6    90%
src\test\test_Presentation.py                                          70     22    69%
src\test\user\__init__.py                                               0      0   100%
src\test\user\test_UseCaseUser.py                                      24      0   100%
src\test\user\test_User.py                                             29      0   100%
src\test\user\test_UserMapper.py                                       29      0   100%
---------------------------------------------------------------------------------------
TOTAL                                                                1820    591    68%
=========================== short test summary info ===========================
FAILED src/test/infrastructure/test_Repositories.py::test_receita_repository_criar
FAILED src/test/infrastructure/test_Repositories.py::test_pedido_repository_criar
FAILED src/test/infrastructure/test_Repositories.py::test_receita_repository_buscar_por_id
FAILED src/test/infrastructure/test_Repositories.py::test_pedido_repository_buscar_por_id
FAILED src/test/infrastructure/test_Repositories.py::test_receita_sqlalchemy_repository_criar
FAILED src/test/infrastructure/test_Repositories.py::test_pedido_sqlalchemy_repository_criar
FAILED src/test/infrastructure/test_Repositories.py::test_receita_sqlalchemy_repository_listar
FAILED src/test/infrastructure/test_Repositories.py::test_pedido_sqlalchemy_repository_listar
FAILED src/test/pedido/test_PedidoMapper.py::test_mapper_to_domain - TypeErro...
FAILED src/test/pedido/test_PedidoMapper.py::test_mapper_to_model - TypeError...
FAILED src/test/receita/test_Receita.py::test_preco_invalido - AttributeError...
FAILED src/test/receita/test_Receita.py::test_consumir_abate_porcoes - Attrib...
FAILED src/test/receita/test_Receita.py::test_consumir_exato_zera_rendimento
FAILED src/test/receita/test_Receita.py::test_consumir_acima_do_disponivel_levanta_erro
FAILED src/test/receita/test_Receita.py::test_consumir_quantidade_invalida_levanta_erro
FAILED src/test/receita/test_Receita.py::test_consumir_sem_rendimento_definido_levanta_erro
FAILED src/test/receita/test_ReceitaMapper.py::test_receita_mapper_to_domain
FAILED src/test/receita/test_ReceitaMapper.py::test_receita_mapper_to_model
FAILED src/test/receita/test_UseCaseReceita.py::test_criar_receita_chama_repositorio
FAILED src/test/test_Presentation.py::test_criar_receita - pydantic_core._pyd...
FAILED src/test/test_Presentation.py::test_buscar_receita_por_id - pydantic_c...
FAILED src/test/test_Presentation.py::test_criar_pedido - pydantic_core._pyda...
FAILED src/test/test_Presentation.py::test_buscar_pedido_por_id - pydantic_co...
======================== 23 failed, 43 passed in 4.13s ========================
